  CC        sender.c
  CC        ../../../os/contiki-main.c
  CC        ../../../arch/platform/sky/./contiki-sky-platform.c
  CC        ../../../arch/dev/sensor/sht11/sht11.c
  CC        ../../../arch/dev/sensor/sht11/sht11-sensor.c
  CC        ../../../arch/platform/sky/dev/light-sensor.c
  CC        ../../../arch/platform/sky/dev/battery-sensor.c
  CC        ../../../arch/platform/sky/dev/button-sensor.c
  CC        ../../../arch/cpu/msp430/f1xxx/spi-legacy.c
  CC        ../../../arch/dev/etc/ds2411/ds2411.c
  CC        ../../../arch/platform/sky/dev/xmem.c
  CC        ../../../arch/platform/sky/dev/i2c.c
  CC        ../../../os/lib/sensors.c
  CC        ../../../arch/dev/radio/cc2420/cc2420.c
  CC        ../../../arch/cpu/msp430/./cc2420-arch.c
  CC        ../../../arch/cpu/msp430/./cc2420-arch-sfd.c
  CC        ../../../arch/platform/sky/dev/sky-sensors.c
  CC        ../../../arch/cpu/msp430/./uip-ipchksum.c
  CC        ../../../arch/cpu/msp430/f1xxx/uart1.c
  CC        ../../../arch/cpu/msp430/./slip_uart1.c
  CC        ../../../arch/cpu/msp430/dev/uart1-putchar.c
  CC        ../../../arch/platform/sky/./platform.c
  CC        ../../../arch/cpu/msp430/f1xxx/msp430.c
  CC        ../../../arch/cpu/msp430/./flash.c
  CC        ../../../arch/cpu/msp430/f1xxx/clock.c
  CC        ../../../os/dev/leds.c
  CC        ../../../arch/cpu/msp430/./leds-arch.c
  CC        ../../../arch/cpu/msp430/./watchdog.c
  CC        ../../../arch/cpu/msp430/./lpm.c
  CC        ../../../arch/cpu/msp430/f1xxx/rtimer-arch.c
  CC        ../../../arch/cpu/msp430/./int-master.c
  CC        ../../../arch/dev/radio/cc2420/cc2420-tsch-15ms.c
  CC        ../../../os/dev/button-hal.c
  CC        ../../../os/dev/gpio-hal.c
  CC        ../../../os/dev/serial-line.c
  CC        ../../../os/dev/spi.c
  CC        ../../../os/lib/aes-128.c
  CC        ../../../os/lib/assert.c
  CC        ../../../os/lib/ccm-star.c
  CC        ../../../os/lib/circular-list.c
  CC        ../../../os/lib/dbl-circ-list.c
  CC        ../../../os/lib/dbl-list.c
  CC        ../../../os/lib/heapmem.c
  CC        ../../../os/lib/hexconv.c
  CC        ../../../os/lib/ifft.c
  CC        ../../../os/lib/list.c
  CC        ../../../os/lib/memb.c
  CC        ../../../os/lib/ringbuf.c
  CC        ../../../os/lib/ringbufindex.c
  CC        ../../../os/lib/trickle-timer.c
  CC        ../../../os/net/link-stats.c
  CC        ../../../os/net/linkaddr.c
  CC        ../../../os/net/nbr-table.c
  CC        ../../../os/net/net-debug.c
  CC        ../../../os/net/netstack.c
  CC        ../../../os/net/packetbuf.c
  CC        ../../../os/net/queuebuf.c
  CC        ../../../os/net/mac/mac-sequence.c
  CC        ../../../os/net/mac/mac.c
  CC        ../../../os/net/mac/csma/anti-replay.c
  CC        ../../../os/net/mac/csma/ccm-star-packetbuf.c
  CC        ../../../os/net/mac/csma/csma-output.c
  CC        ../../../os/net/mac/csma/csma-security.c
  CC        ../../../os/net/mac/csma/csma.c
  CC        ../../../os/net/mac/framer/frame802154.c
  CC        ../../../os/net/mac/framer/frame802154e-ie.c
  CC        ../../../os/net/mac/framer/framer-802154.c
  CC        ../../../os/net/mac/framer/nullframer.c
  CC        ../../../os/net/nullnet/nullnet.c
  CC        ../../../os/net/routing/nullrouting/nullrouting.c
  CC        ../../../os/services/simple-energest/simple-energest.c
  CC        ../../../os/storage/cfs/cfs-coffee.c
  CC        ../../../os/sys/atomic.c
  CC        ../../../os/sys/autostart.c
  CC        ../../../os/sys/compower.c
  CC        ../../../os/sys/ctimer.c
  CC        ../../../os/sys/energest.c
  CC        ../../../os/sys/etimer.c
  CC        ../../../os/sys/log.c
  CC        ../../../os/sys/mutex.c
  CC        ../../../os/sys/node-id.c
  CC        ../../../os/sys/process.c
  CC        ../../../os/sys/rtimer.c
  CC        ../../../os/sys/stack-check.c
  CC        ../../../os/sys/stimer.c
  CC        ../../../os/sys/timer.c
  LD        build/sky/sender.sky
msp430-objcopy build/sky/sender.sky -O ihex sender.ihex
make IHEXFILE=sender.ihex sky-reset sky-upload
make[1]: Entering directory '/home/user/contiki-ng/exercises/WSN-semester-project/nullnet-sender-luminance-sensor'
make -k -j 20 sky-reset-sequence
make[2]: Entering directory '/home/user/contiki-ng/exercises/WSN-semester-project/nullnet-sender-luminance-sensor'
../../../tools/sky/msp430-bsl-linux --telosb -c /dev/ttyUSB0 -r
Done
make[2]: Leaving directory '/home/user/contiki-ng/exercises/WSN-semester-project/nullnet-sender-luminance-sensor'
make -j 20 sky-upload-sequence
make[2]: Entering directory '/home/user/contiki-ng/exercises/WSN-semester-project/nullnet-sender-luminance-sensor'
+++++ Erasing /dev/ttyUSB0
+++++ Programming /dev/ttyUSB0
+++++ Resetting /dev/ttyUSB0
Done
make[2]: Leaving directory '/home/user/contiki-ng/exercises/WSN-semester-project/nullnet-sender-luminance-sensor'
make[1]: Leaving directory '/home/user/contiki-ng/exercises/WSN-semester-project/nullnet-sender-luminance-sensor'
rlwrap ../../../tools/serial-io/serialdump -b115200 /dev/ttyUSB0
[INFO: Main      ] Starting Contiki-NG-release/v4.8-342-g27cbe8cc6-dirty
[INFO: Main      ] - Routing: nullrouting
[INFO: Main      ] - Net: nullnet
[INFO: Main      ] - MAC: CSMA
[INFO: Main      ] - 802.15.4 PANID: 0xabcd
[INFO: Main      ] - 802.15.4 Default channel: 26
[INFO: Main      ] Node ID: 4608
[INFO: Main      ] Link-layer address: d8a4.df1c.0074.1200
[INFO: Sky       ] CC2420 CCA threshold -45
[INFO: App       ] packet (cleartext) 4: 45 01 00 00 44 01 00 00 44 01 00 00 5e 01 00 00 
[INFO: App       ] packet (encrypted): b0 f2 fc 2c cb 4d 70 a2 16 33 ba 7c 34 05 11 45 
[INFO: App       ] Sending (0, 0) encrypted with AES 128 key, as nullnet BROADCAST
[INFO: App       ] packet (cleartext) 4: 40 01 00 00 42 01 00 00 44 01 00 00 47 01 00 00 
[INFO: App       ] packet (encrypted): e9 3c 37 a8 35 29 b4 67 cf 03 77 be fe 17 cb 56 
[INFO: App       ] Sending (1, 0) encrypted with AES 128 key, as nullnet BROADCAST
[INFO: App       ] packet (cleartext) 4: 36 01 00 00 34 01 00 00 37 01 00 00 3d 01 00 00 
[INFO: App       ] packet (encrypted): e2 b0 d3 84 46 00 18 62 41 cd bb c8 57 ee 3a 82 
[INFO: App       ] Sending (2, 0) encrypted with AES 128 key, as nullnet BROADCAST
[INFO: App       ] packet (cleartext) 4: 4c 01 00 00 4a 01 00 00 4b 01 00 00 3a 01 00 00 
[INFO: App       ] packet (encrypted): dd 3d 94 98 73 c3 a3 81 4f 46 a3 44 8f da 5a e0 
[INFO: App       ] Sending (3, 0) encrypted with AES 128 key, as nullnet BROADCAST
[INFO: App       ] packet (cleartext) 4: 4e 01 00 00 4f 01 00 00 4f 01 00 00 4e 01 00 00 
[INFO: App       ] packet (encrypted): 0c 05 4d 7c 09 01 41 9b 36 6b 6b 03 27 f5 4c 4c 
[INFO: App       ] Sending (4, 0) encrypted with AES 128 key, as nullnet BROADCAST
[INFO: Energest  ] --- Period summary #0 (29 seconds)
[INFO: Energest  ] Total time  :     982941
[INFO: Energest  ] CPU         :      48073/    982941 (48 permil)
[INFO: Energest  ] LPM         :     934868/    982941 (951 permil)
[INFO: Energest  ] Deep LPM    :          0/    982941 (0 permil)
[INFO: Energest  ] Radio Tx    :        182/    982941 (0 permil)
[INFO: Energest  ] Radio Rx    :     164872/    982941 (167 permil)
[INFO: Energest  ] Radio total :     165054/    982941 (167 permil)
[INFO: App       ] packet (cleartext) 4: 47 01 00 00 4c 01 00 00 52 01 00 00 44 01 00 00 
[INFO: App       ] packet (encrypted): cb 11 55 da 8b 84 d4 95 19 f2 cf 28 e7 d1 99 52 
[INFO: App       ] Sending (5, 0) encrypted with AES 128 key, as nullnet BROADCAST
[INFO: App       ] packet (cleartext) 4: 48 01 00 00 48 01 00 00 48 01 00 00 4c 01 00 00 
[INFO: App       ] packet (encrypted): e9 c1 7d 22 2f c6 eb e7 bc b4 9f d6 86 0f 0c c7 
[INFO: App       ] Sending (6, 0) encrypted with AES 128 key, as nullnet BROADCAST
[INFO: App       ] packet (cleartext) 4: 4e 01 00 00 4e 01 00 00 52 01 00 00 56 01 00 00 
[INFO: App       ] packet (encrypted): eb 36 5a eb 37 b5 b4 55 c9 aa a2 86 ad ea 8a 58 
[INFO: App       ] Sending (7, 0) encrypted with AES 128 key, as nullnet BROADCAST
[INFO: App       ] packet (cleartext) 4: 37 01 00 00 4c 01 00 00 4c 01 00 00 4c 01 00 00 
[INFO: App       ] packet (encrypted): 3c 28 57 ff dc b1 49 24 76 9c 1c a1 d1 e5 c7 2e 
[INFO: App       ] Sending (8, 0) encrypted with AES 128 key, as nullnet BROADCAST
[INFO: App       ] packet (cleartext) 4: 41 01 00 00 41 01 00 00 44 01 00 00 44 01 00 00 
[INFO: App       ] packet (encrypted): fc c4 65 93 db 0f bb 17 bd 49 cd 04 0e 4a 97 98 
[INFO: App       ] Sending (9, 0) encrypted with AES 128 key, as nullnet BROADCAST
[INFO: App       ] packet (cleartext) 4: 44 01 00 00 42 01 00 00 41 01 00 00 41 01 00 00 
[INFO: App       ] packet (encrypted): 3a b9 90 0e 38 c5 e6 97 a0 7e 60 8c 92 cb 4d 40 
[INFO: App       ] Sending (10, 0) encrypted with AES 128 key, as nullnet BROADCAST
[INFO: Energest  ] --- Period summary #1 (30 seconds)
[INFO: Energest  ] Total time  :     983040
[INFO: Energest  ] CPU         :      54000/    983040 (54 permil)
[INFO: Energest  ] LPM         :     929040/    983040 (945 permil)
[INFO: Energest  ] Deep LPM    :          0/    983040 (0 permil)
[INFO: Energest  ] Radio Tx    :        218/    983040 (0 permil)
[INFO: Energest  ] Radio Rx    :        226/    983040 (0 permil)
[INFO: Energest  ] Radio total :        444/    983040 (0 permil)
[INFO: App       ] packet (cleartext) 4: 54 01 00 00 40 01 00 00 37 01 00 00 34 01 00 00 
[INFO: App       ] packet (encrypted): 1c fe fe 22 76 8c 65 19 55 46 68 81 42 9b 02 f7 
[INFO: App       ] Sending (11, 0) encrypted with AES 128 key, as nullnet BROADCAST
[INFO: App       ] packet (cleartext) 4: 4e 01 00 00 4c 01 00 00 4c 01 00 00 4e 01 00 00 
[INFO: App       ] packet (encrypted): c5 fa 3f ea be ce 0f 5f a7 78 be 98 60 26 87 77 
[INFO: App       ] Sending (12, 0) encrypted with AES 128 key, as nullnet BROADCAST
[INFO: App       ] packet (cleartext) 4: 54 01 00 00 55 01 00 00 54 01 00 00 54 01 00 00 
[INFO: App       ] packet (encrypted): 9b b0 fa 8b dd 93 e4 8d 3f 10 39 dd 53 4c 6e e7 
[INFO: App       ] Sending (13, 0) encrypted with AES 128 key, as nullnet BROADCAST
[INFO: App       ] packet (cleartext) 4: 54 01 00 00 55 01 00 00 51 01 00 00 52 01 00 00 
[INFO: App       ] packet (encrypted): 35 0f bc 30 db 33 5d 32 1d 25 ee e0 34 97 94 c0 
[INFO: App       ] Sending (14, 0) encrypted with AES 128 key, as nullnet BROADCAST
[INFO: App       ] packet (cleartext) 4: 54 01 00 00 52 01 00 00 54 01 00 00 54 01 00 00 
[INFO: App       ] packet (encrypted): 60 70 1b 51 e7 fc 35 6f 34 52 1f 9e 8e f6 38 0b 
[INFO: App       ] Sending (15, 0) encrypted with AES 128 key, as nullnet BROADCAST
[INFO: App       ] packet (cleartext) 4: 56 01 00 00 51 01 00 00 4f 01 00 00 4f 01 00 00 
[INFO: App       ] packet (encrypted): cd c1 1c f5 79 d0 1e 64 73 79 f4 93 c7 97 b6 06 
[INFO: App       ] Sending (16, 0) encrypted with AES 128 key, as nullnet BROADCAST
[INFO: Energest  ] --- Period summary #2 (30 seconds)
[INFO: Energest  ] Total time  :     983040
[INFO: Energest  ] CPU         :      53371/    983040 (54 permil)
[INFO: Energest  ] LPM         :     929669/    983040 (945 permil)
[INFO: Energest  ] Deep LPM    :          0/    983040 (0 permil)
[INFO: Energest  ] Radio Tx    :        218/    983040 (0 permil)
[INFO: Energest  ] Radio Rx    :        228/    983040 (0 permil)
[INFO: Energest  ] Radio total :        446/    983040 (0 permil)
[INFO: App       ] packet (cleartext) 4: 4c 01 00 00 4a 01 00 00 4f 01 00 00 4e 01 00 00 
[INFO: App       ] packet (encrypted): 63 3b 6b 93 71 1a ae 5d b0 9c 35 71 45 2d f3 6a 
[INFO: App       ] Sending (17, 0) encrypted with AES 128 key, as nullnet BROADCAST
[INFO: App       ] packet (cleartext) 4: 3a 01 00 00 48 01 00 00 4f 01 00 00 56 01 00 00 
[INFO: App       ] packet (encrypted): 32 a0 c4 1b 11 d2 e6 7a 81 cc 9a 15 7d 64 ec 95 
[INFO: App       ] Sending (18, 0) encrypted with AES 128 key, as nullnet BROADCAST
[INFO: App       ] packet (cleartext) 4: 3e 01 00 00 47 01 00 00 44 01 00 00 47 01 00 00 
[INFO: App       ] packet (encrypted): ca 93 7f c1 1d 87 31 cf b2 1b ea 1f b6 3a b0 c1 
[INFO: App       ] Sending (19, 0) encrypted with AES 128 key, as nullnet BROADCAST
[INFO: App       ] packet (cleartext) 4: 56 01 00 00 44 01 00 00 44 01 00 00 45 01 00 00 
[INFO: App       ] packet (encrypted): 1e fa 26 82 dd 23 7e 5c c3 01 df 95 ee ff b8 63 
[INFO: App       ] Sending (20, 0) encrypted with AES 128 key, as nullnet BROADCAST
[INFO: App       ] packet (cleartext) 4: 54 01 00 00 54 01 00 00 55 01 00 00 44 01 00 00 
[INFO: App       ] packet (encrypted): f3 bf 0d 68 df 95 60 e2 ab a8 90 c9 51 05 1c af 
[INFO: App       ] Sending (21, 0) encrypted with AES 128 key, as nullnet BROADCAST
[INFO: App       ] packet (cleartext) 4: 56 01 00 00 4f 01 00 00 4f 01 00 00 4f 01 00 00 
[INFO: App       ] packet (encrypted): 3f 0f f4 82 2f e3 d9 40 47 ee e1 bb 1b 29 fe 39 
[INFO: App       ] Sending (22, 0) encrypted with AES 128 key, as nullnet BROADCAST
[INFO: Energest  ] --- Period summary #3 (30 seconds)
[INFO: Energest  ] Total time  :     983040
[INFO: Energest  ] CPU         :      53673/    983040 (54 permil)
[INFO: Energest  ] LPM         :     929367/    983040 (945 permil)
[INFO: Energest  ] Deep LPM    :          0/    983040 (0 permil)
[INFO: Energest  ] Radio Tx    :        219/    983040 (0 permil)
[INFO: Energest  ] Radio Rx    :        227/    983040 (0 permil)
[INFO: Energest  ] Radio total :        446/    983040 (0 permil)
[INFO: App       ] packet (cleartext) 4: 4c 01 00 00 4c 01 00 00 3e 01 00 00 3e 01 00 00 
[INFO: App       ] packet (encrypted): 0a 68 22 af 99 14 8d 3d 51 47 65 91 47 d0 fb 73 
[INFO: App       ] Sending (23, 0) encrypted with AES 128 key, as nullnet BROADCAST
