  MKDIR     build/sky/obj/.deps
  CC        sender.c
  CC        ../../../os/contiki-main.c
  CC        ../../../arch/platform/sky/./contiki-sky-platform.c
  CC        ../../../arch/dev/sensor/sht11/sht11.c
  CC        ../../../arch/dev/sensor/sht11/sht11-sensor.c
  CC        ../../../arch/platform/sky/dev/light-sensor.c
  CC        ../../../arch/platform/sky/dev/battery-sensor.c
  CC        ../../../arch/platform/sky/dev/button-sensor.c
  CC        ../../../arch/cpu/msp430/f1xxx/spi-legacy.c
  CC        ../../../arch/dev/etc/ds2411/ds2411.c
  CC        ../../../arch/platform/sky/dev/xmem.c
  CC        ../../../arch/platform/sky/dev/i2c.c
  CC        ../../../os/lib/sensors.c
  CC        ../../../arch/dev/radio/cc2420/cc2420.c
  CC        ../../../arch/cpu/msp430/./cc2420-arch.c
  CC        ../../../arch/cpu/msp430/./cc2420-arch-sfd.c
  CC        ../../../arch/platform/sky/dev/sky-sensors.c
  CC        ../../../arch/cpu/msp430/./uip-ipchksum.c
  CC        ../../../arch/cpu/msp430/f1xxx/uart1.c
  CC        ../../../arch/cpu/msp430/./slip_uart1.c
  CC        ../../../arch/cpu/msp430/dev/uart1-putchar.c
  CC        ../../../arch/platform/sky/./platform.c
  CC        ../../../os/lib/crc16.c
  CC        ../../../arch/cpu/msp430/f1xxx/msp430.c
  CC        ../../../arch/cpu/msp430/./flash.c
  CC        ../../../arch/cpu/msp430/f1xxx/clock.c
  CC        ../../../os/dev/leds.c
  CC        ../../../arch/cpu/msp430/./leds-arch.c
  CC        ../../../arch/cpu/msp430/./watchdog.c
  CC        ../../../arch/cpu/msp430/./lpm.c
  CC        ../../../arch/cpu/msp430/f1xxx/rtimer-arch.c
  CC        ../../../arch/cpu/msp430/./int-master.c
  CC        ../../../arch/dev/radio/cc2420/cc2420-tsch-15ms.c
  CC        ../../../os/dev/button-hal.c
  CC        ../../../os/dev/gpio-hal.c
  CC        ../../../os/dev/nullradio.c
  CC        ../../../os/dev/serial-line.c
  CC        ../../../os/dev/spi.c
  CC        ../../../os/lib/aes-128.c
  CC        ../../../os/lib/assert.c
  CC        ../../../os/lib/ccm-star.c
  CC        ../../../os/lib/circular-list.c
  CC        ../../../os/lib/dbl-circ-list.c
  CC        ../../../os/lib/dbl-list.c
  CC        ../../../os/lib/heapmem.c
  CC        ../../../os/lib/hexconv.c
  CC        ../../../os/lib/ifft.c
  CC        ../../../os/lib/list.c
  CC        ../../../os/lib/memb.c
  CC        ../../../os/lib/random.c
  CC        ../../../os/lib/ringbuf.c
  CC        ../../../os/lib/ringbufindex.c
  CC        ../../../os/lib/trickle-timer.c
  CC        ../../../os/net/link-stats.c
  CC        ../../../os/net/linkaddr.c
  CC        ../../../os/net/nbr-table.c
  CC        ../../../os/net/net-debug.c
  CC        ../../../os/net/netstack.c
  CC        ../../../os/net/packetbuf.c
  CC        ../../../os/net/queuebuf.c
  CC        ../../../os/net/mac/mac-sequence.c
  CC        ../../../os/net/mac/mac.c
  CC        ../../../os/net/mac/csma/anti-replay.c
  CC        ../../../os/net/mac/csma/ccm-star-packetbuf.c
  CC        ../../../os/net/mac/csma/csma-output.c
  CC        ../../../os/net/mac/csma/csma-security.c
  CC        ../../../os/net/mac/csma/csma.c
  CC        ../../../os/net/mac/framer/frame802154.c
  CC        ../../../os/net/mac/framer/frame802154e-ie.c
  CC        ../../../os/net/mac/framer/framer-802154.c
  CC        ../../../os/net/mac/framer/nullframer.c
  CC        ../../../os/net/nullnet/nullnet.c
  CC        ../../../os/net/routing/nullrouting/nullrouting.c
  CC        ../../../os/storage/cfs/cfs-coffee.c
  CC        ../../../os/sys/atomic.c
  CC        ../../../os/sys/autostart.c
  CC        ../../../os/sys/compower.c
  CC        ../../../os/sys/ctimer.c
  CC        ../../../os/sys/energest.c
  CC        ../../../os/sys/etimer.c
  CC        ../../../os/sys/log.c
  CC        ../../../os/sys/mutex.c
  CC        ../../../os/sys/node-id.c
  CC        ../../../os/sys/process.c
  CC        ../../../os/sys/rtimer.c
  CC        ../../../os/sys/stack-check.c
  CC        ../../../os/sys/stimer.c
  CC        ../../../os/sys/timer.c
  LD        build/sky/sender.sky
msp430-objcopy build/sky/sender.sky -O ihex sender.ihex
make IHEXFILE=sender.ihex sky-reset sky-upload
make[1]: Entering directory '/home/user/contiki-ng/exercises/WSN-semester-project/software-aes'
make -k -j 20 sky-reset-sequence
make[2]: Entering directory '/home/user/contiki-ng/exercises/WSN-semester-project/software-aes'
../../../tools/sky/msp430-bsl-linux --telosb -c /dev/ttyUSB0 -r
Done
make[2]: Leaving directory '/home/user/contiki-ng/exercises/WSN-semester-project/software-aes'
make -j 20 sky-upload-sequence
make[2]: Entering directory '/home/user/contiki-ng/exercises/WSN-semester-project/software-aes'
+++++ Erasing /dev/ttyUSB0
+++++ Programming /dev/ttyUSB0
+++++ Resetting /dev/ttyUSB0
Done
make[2]: Leaving directory '/home/user/contiki-ng/exercises/WSN-semester-project/software-aes'
make[1]: Leaving directory '/home/user/contiki-ng/exercises/WSN-semester-project/software-aes'
rlwrap ../../../tools/serial-io/serialdump -b115200 /dev/ttyUSB0
[INFO: Main      ] Starting Contiki-NG-release/v4.8-342-g27cbe8cc6-dirty
[INFO: Main      ] - Routing: nullrouting
[INFO: Main      ] - Net: nullnet
[INFO: Main      ] - MAC: CSMA
[INFO: Main      ] - 802.15.4 PANID: 0xabcd
[INFO: Main      ] - 802.15.4 Default channel: 26
[INFO: Main      ] Node ID: 4608
[INFO: Main      ] Link-layer address: d8a4.df1c.0074.1200
[INFO: Sky       ] CC2420 CCA threshold -45
ENERGEST: --- Period summary #0 (2 seconds)
ENERGEST: Total time  :      81985
ENERGEST: CPU         :       3302/     81985 (40 permil)
ENERGEST: LPM         :      78683/     81985 (959 permil)
ENERGEST: Deep LPM    :          0/     81985 (0 permil)
ENERGEST: Radio Tx    :          0/     81985 (0 permil)
ENERGEST: Radio Rx    :      81975/     81985 (999 permil)
ENERGEST: Radio total :      81975/     81985 (999 permil)
ENERGEST: --- Period summary #1 (24 seconds)
ENERGEST: Total time  :     819198
ENERGEST: CPU         :      39236/    819198 (47 permil)
ENERGEST: LPM         :     779962/    819198 (952 permil)
ENERGEST: Deep LPM    :          0/    819198 (0 permil)
ENERGEST: Radio Tx    :        365/    819198 (0 permil)
ENERGEST: Radio Rx    :        373/    819198 (0 permil)
ENERGEST: Radio total :        738/    819198 (0 permil)
ENERGEST: --- Period summary #2 (25 seconds)
ENERGEST: Total time  :     819200
ENERGEST: CPU         :      40075/    819200 (48 permil)
ENERGEST: LPM         :     779125/    819200 (951 permil)
ENERGEST: Deep LPM    :          0/    819200 (0 permil)
ENERGEST: Radio Tx    :        362/    819200 (0 permil)
ENERGEST: Radio Rx    :        373/    819200 (0 permil)
ENERGEST: Radio total :        735/    819200 (0 permil)
ENERGEST: --- Period summary #3 (25 seconds)
ENERGEST: Total time  :     819200
ENERGEST: CPU         :      39235/    819200 (47 permil)
ENERGEST: LPM         :     779965/    819200 (952 permil)
ENERGEST: Deep LPM    :          0/    819200 (0 permil)
ENERGEST: Radio Tx    :        362/    819200 (0 permil)
ENERGEST: Radio Rx    :        372/    819200 (0 permil)
ENERGEST: Radio total :        734/    819200 (0 permil)
ENERGEST: --- Period summary #4 (25 seconds)
ENERGEST: Total time  :     819200
ENERGEST: CPU         :      40210/    819200 (49 permil)
ENERGEST: LPM         :     778990/    819200 (950 permil)
ENERGEST: Deep LPM    :          0/    819200 (0 permil)
ENERGEST: Radio Tx    :        361/    819200 (0 permil)
ENERGEST: Radio Rx    :        373/    819200 (0 permil)
ENERGEST: Radio total :        734/    819200 (0 permil)
ENERGEST: --- Period summary #5 (25 seconds)
ENERGEST: Total time  :     819200
ENERGEST: CPU         :      39364/    819200 (48 permil)
ENERGEST: LPM         :     779836/    819200 (951 permil)
ENERGEST: Deep LPM    :          0/    819200 (0 permil)
ENERGEST: Radio Tx    :        360/    819200 (0 permil)
ENERGEST: Radio Rx    :        372/    819200 (0 permil)
ENERGEST: Radio total :        732/    819200 (0 permil)
ENERGEST: --- Period summary #6 (25 seconds)
ENERGEST: Total time  :     819200
ENERGEST: CPU         :      40355/    819200 (49 permil)
ENERGEST: LPM         :     778845/    819200 (950 permil)
ENERGEST: Deep LPM    :          0/    819200 (0 permil)
ENERGEST: Radio Tx    :        360/    819200 (0 permil)
ENERGEST: Radio Rx    :        373/    819200 (0 permil)
ENERGEST: Radio total :        733/    819200 (0 permil)
ENERGEST: --- Period summary #7 (25 seconds)
ENERGEST: Total time  :     819200
ENERGEST: CPU         :      39211/    819200 (47 permil)
ENERGEST: LPM         :     779989/    819200 (952 permil)
ENERGEST: Deep LPM    :          0/    819200 (0 permil)
ENERGEST: Radio Tx    :        360/    819200 (0 permil)
ENERGEST: Radio Rx    :        372/    819200 (0 permil)
ENERGEST: Radio total :        732/    819200 (0 permil)
