[INFO: Energest  ] --- Period summary #0 (60 seconds)
[INFO: Energest  ] Total time  :    1968183
[INFO: Energest  ] CPU         :      31942/   1968183 (16 permil)
[INFO: Energest  ] LPM         :    1936241/   1968183 (983 permil)
[INFO: Energest  ] Deep LPM    :          0/   1968183 (0 permil)
[INFO: Energest  ] Radio Tx    :          0/   1968183 (0 permil)
[INFO: Energest  ] Radio Rx    :    1968183/   1968183 (1000 permil)
[INFO: Energest  ] Radio total :    1968183/   1968183 (1000 permil)
[INFO: Energest  ] --- Period summary #1 (60 seconds)
[INFO: Energest  ] Total time  :    1966081
[INFO: Energest  ] CPU         :      56928/   1966081 (28 permil)
[INFO: Energest  ] LPM         :    1909153/   1966081 (971 permil)
[INFO: Energest  ] Deep LPM    :          0/   1966081 (0 permil)
[INFO: Energest  ] Radio Tx    :         29/   1966081 (0 permil)
[INFO: Energest  ] Radio Rx    :    1966050/   1966081 (999 permil)
[INFO: Energest  ] Radio total :    1966079/   1966081 (999 permil)
[INFO: Energest  ] --- Period summary #2 (60 seconds)
[INFO: Energest  ] Total time  :    1966081
[INFO: Energest  ] CPU         :      53536/   1966081 (27 permil)
[INFO: Energest  ] LPM         :    1912545/   1966081 (972 permil)
[INFO: Energest  ] Deep LPM    :          0/   1966081 (0 permil)
[INFO: Energest  ] Radio Tx    :          0/   1966081 (0 permil)
[INFO: Energest  ] Radio Rx    :    1966081/   1966081 (1000 permil)
[INFO: Energest  ] Radio total :    1966081/   1966081 (1000 permil)
